2026-02-13 17:12:41: INFO (IBR0079): ===========System Information==========
2026-02-13 17:12:41: INFO (IBR0080): Start date: 2026-02-13 17:12:41 UTC
2026-02-13 17:12:41: INFO (IBR0081): Hostname: estudiantes1
2026-02-13 17:12:41: INFO (IBR0082): Host IP address(es): eth0(10.160.29.25)
2026-02-13 17:12:41: INFO (IBR0083): Username: sebas
2026-02-13 17:12:41: INFO (IBR0086): Limit of open files: 1024
2026-02-13 17:12:41: INFO (IBR0102): System Info:
2026-02-13 17:12:41: INFO (IBR0103): 	Product Type : Rocky Linux 8.10 (Green Obsidian)
2026-02-13 17:12:41: INFO (IBR0104): 	Kernel Type : linux
2026-02-13 17:12:41: INFO (IBR0105): 	Kernel Version : 5.15.0-164-generic
2026-02-13 17:12:41: INFO (IBR0106): 	Machine ID : estudiantes1
2026-02-13 17:12:41: INFO (IBR0111): Memory Info:
2026-02-13 17:12:41: INFO (IBR0112): 	Total memory: 65571 MB
2026-02-13 17:12:41: INFO (IBR0113): 	Available memory: 65396 MB
2026-02-13 17:12:41: INFO (IBR0107): CPU information:
2026-02-13 17:12:41: INFO (IBR0108): 	Architecture : x86_64
2026-02-13 17:12:41: INFO (IBR0110): 	 Model name: Intel(R) Xeon(R) Gold 5118 CPU @ 2.30GHz
2026-02-13 17:12:41: INFO (IBR0109): 	Core count: 4
2026-02-13 17:12:41: INFO (IBR0087): PID: 94047
2026-02-13 17:12:41: INFO (IBR0088): =======================================
2026-02-13 17:12:41: INFO (IBR0059): Bridge endpoint: ws://0.0.0.0:36713
2026-02-13 17:12:41: INFO (IBR0053): Jasper endpoint: ':40255'
2026-02-13 17:16:48: INFO (IBR0128): Termination signal received (#2). Trying to exit.
2026-02-13 17:16:48: INFO (IBR0128): Termination signal received (#2). Trying to exit.
2026-02-13 17:16:48: INFO (IBR0124): Shutting down...
2026-02-13 17:16:48: INFO (IBR0131): Jobs are finished and clients are disconnected.
2026-02-13 17:16:48: INFO (IBR0132): Exiting with exit status 0.
