2026-02-13 17:11:40.547887 (94024) main____ INFO    ----------------------------------------
2026-02-13 17:11:40.547959 (94024) main____ INFO    Jasper version info
2026-02-13 17:11:40.547977 (94024) main____ INFO      tool      : Jasper 2025.09
2026-02-13 17:11:40.547993 (94024) main____ INFO      version   : 2025.09p002 64 bits
2026-02-13 17:11:40.548007 (94024) main____ INFO      build date: 2025.11.19 14:35:23 UTC
2026-02-13 17:11:40.548019 (94024) main____ INFO    ----------------------------------------
2026-02-13 17:11:40.548036 (94024) main____ INFO    Runtime info:
2026-02-13 17:11:40.548049 (94024) main____ INFO      platform  : Linux 5.15.0-164-generic x86_64
2026-02-13 17:11:40.548067 (94024) main____ INFO      hostname  : estudiantes1
2026-02-13 17:11:40.548082 (94024) main____ INFO      pid       : 94024
2026-02-13 17:11:40.548094 (94024) main____ INFO      arguments : '-style' 'windows' 'jg_fpv.tcl'
2026-02-13 17:11:40.548108 (94024) main____ INFO      locale    : UTF-8
2026-02-13 17:11:40.548119 (94024) main____ INFO    ----------------------------------------
2026-02-13 17:11:40.548136 (94024) main____ INFO    System resource limits info:
2026-02-13 17:11:40.548151 (94024) main____ INFO      virtual memory: unlimited
2026-02-13 17:11:40.548164 (94024) main____ INFO      cpu time      : unlimited
2026-02-13 17:11:40.548177 (94024) main____ INFO      processes     : unlimited
2026-02-13 17:11:40.548194 (94024) main____ INFO      stack size    : 8388608 B
2026-02-13 17:11:40.548209 (94024) main____ INFO      core file size: unlimited
2026-02-13 17:11:40.548230 (94024) main____ INFO      open files    : 1024
2026-02-13 17:11:40.548244 (94024) main____ INFO      file size     : unlimited
2026-02-13 17:11:40.548257 (94024) main____ INFO    ----------------------------------------
2026-02-13 17:11:40.548268 (94024) main____ INFO    Memory statistics:
2026-02-13 17:11:40.548282 (94024) main____ INFO      total physical memory  : 65571320 kB
2026-02-13 17:11:40.548295 (94024) main____ INFO      free physical memory   : 65143436 kB
2026-02-13 17:11:40.548314 (94024) main____ INFO      committed address space: 30257508 kB
2026-02-13 17:11:40.548326 (94024) main____ INFO    ----------------------------------------
2026-02-13 17:11:40.549045 (94024) main____ INFO    Important environment variables:
2026-02-13 17:11:40.549067 (94024) main____ INFO      CDS_AUTO_32BIT     : 'NONE'
2026-02-13 17:11:40.549080 (94024) main____ INFO      CDS_AUTO_64BIT     : 'ALL'
2026-02-13 17:11:40.549093 (94024) main____ INFO      CDS_LICENSE_FILE   : '5280@10.0.7.51'
2026-02-13 17:11:40.549111 (94024) main____ INFO      DISPLAY            : 'localhost:10.0'
2026-02-13 17:11:40.549124 (94024) main____ INFO      JASPER             : '/mnt/edatools/cadence/JASPER2509'
2026-02-13 17:11:40.549136 (94024) main____ INFO      JASPER_CPU_CHECK   : '1'
2026-02-13 17:11:40.549149 (94024) main____ INFO      JASPER_INSTALL_DIR : '/mnt/edatools/cadence/JASPER2509'
2026-02-13 17:11:40.549161 (94024) main____ INFO      JASPER_KERNEL_CHECK: '1'
2026-02-13 17:11:40.549173 (94024) main____ INFO      JASPER_OS_CHECK    : '1'
2026-02-13 17:11:40.549191 (94024) main____ INFO      JASPER_PLATFORM    : 'Linux64'
2026-02-13 17:11:40.549203 (94024) main____ INFO      LANG               : 'en_US.UTF-8'
2026-02-13 17:11:40.549215 (94024) main____ INFO      LM_LICENSE_FILE    : '5280@10.0.7.51'
2026-02-13 17:11:40.549226 (94024) main____ INFO    ----------------------------------------
2026-02-13 17:11:40.549312 (94024) lic_core INFO    Initializing license system ...
2026-02-13 17:11:40.552680 (94040) lic_core INFO    [17:11:40.265073] Configured Lic search path (24.01-s003): 5280@10.0.7.51
2026-02-13 17:11:40.570322 (94024) lic_core INFO    ... license system initialized.
2026-02-13 17:11:40.570601 (94024) lic__man INFO    Claim 'main' for <ui>.
2026-02-13 17:11:40.570642 (94024) lic_core INFO    (1) checking out 'jasper_interactive' ...
2026-02-13 17:12:00.914128 (94024) lic_core INFO    ... (1) checkout succeeded
2026-02-13 17:12:00.914208 (94024) lic_core WARNING (1) slow license checkout attempt: 20.343 s
2026-02-13 17:12:00.914270 (94024) lic__man INFO    Claim 'fpv' for <ui>.
2026-02-13 17:12:00.914306 (94024) lic_core INFO    (2) checking out 'jasper_fpv' ...
2026-02-13 17:12:20.942110 (94024) lic_core INFO    ... (2) checkout failed (error: -5) ("FLEXnet ERROR(-5, 0, 0): No such feature exists.")
2026-02-13 17:12:20.942246 (94024) lic_core WARNING (2) slow license checkout attempt: 20.027 s
2026-02-13 17:12:20.942292 (94024) lic_core INFO    (3) checking out 'jasper_fao' ...
2026-02-13 17:12:40.984004 (94040) lic_core INFO    [17:12:40.459514] Periodic Lic check successful
2026-02-13 17:12:40.984069 (94040) lic_core INFO      [17:12:40.983889] Feature usage summary:
2026-02-13 17:12:40.984082 (94040) lic_core INFO      [17:12:40.983890] jasper_interactive
2026-02-13 17:12:40.984095 (94040) lic_core INFO      [17:12:40.983890] jasper_fao
2026-02-13 17:12:40.984132 (94024) lic_core INFO    ... (3) checkout succeeded
2026-02-13 17:12:40.984220 (94024) lic_core WARNING (3) slow license checkout attempt: 20.041 s
2026-02-13 17:12:40.985294 (94024) main____ INFO    Tool inactivity delay is 480000 ms.
2026-02-13 17:12:40.986635 (94024) bridge__ INFO    Starting Jasper advanced job dispatch and management feature with id 'bridge_0' ...
2026-02-13 17:12:40.997747 (94024) bridge__ INFO    Jasper advanced job dispatch and management feature started with id 'bridge_0'(pid: 94047)
2026-02-13 17:12:41.115811 (94024) bridge__ ERROR   Unable to initialize Jasper advanced job dispatch and management feature, jg_bridge protocol failed.
2026-02-13 17:12:41.738469 (94024) lic__man INFO    Claim 'fpv' for <ui>.
2026-02-13 17:12:41.940023 (94024) lic__man INFO    Unclaim 'fpv' for <ui>.
2026-02-13 17:12:41.940094 (94024) lic__man INFO    Claim 'fpv' for <ui>.
2026-02-13 17:12:41.945314 (94024) session_ INFO    Starting analysis session with session id 'session_0' (launcher: <local>) ...
2026-02-13 17:12:41.950716 (94024) session_ INFO    Analysis session with session id 'session_0' started (pid: 94056)
2026-02-13 17:12:43.744611 (94024) session_ INFO    Analysis session 'session_0' connected to the console (host: 127.0.0.1:39184)
2026-02-13 17:12:44.197466 (94024) main____ INFO    Releasing console memory by request of analysis session 'session_0'.
2026-02-13 17:12:44.201296 (94024) lic__man INFO    Unclaim everything for 'session_0'.
2026-02-13 17:16:27.256366 (94024) main____ INFO    Releasing console memory by request of analysis session 'session_0'.
2026-02-13 17:16:27.257131 (94024) lic__man INFO    Unclaim everything for 'session_0'.
2026-02-13 17:16:48.178217 (94024) main____ INFO    About to exit: requested from GUI
2026-02-13 17:16:48.363397 (94024) session_ INFO    Analysis session 'session_0' disconnected.
2026-02-13 17:16:48.376843 (94024) lic_core INFO    (1) checkin jasper_interactive
2026-02-13 17:16:48.377613 (94024) lic_core INFO    (3) checkin jasper_fao
2026-02-13 17:16:48.378723 (94024) lic_core INFO    Lic Summary:
2026-02-13 17:16:48.378750 (94024) lic_core INFO      [17:16:48.378594] Cdslmd servers:5280@10.0.7.51
2026-02-13 17:16:48.378788 (94024) lic_core INFO      [17:16:48.378609] Feature usage summary:
2026-02-13 17:16:48.378800 (94024) lic_core INFO      [17:16:48.378610] jasper_interactive
2026-02-13 17:16:48.378810 (94024) lic_core INFO      [17:16:48.378610] jasper_fao
2026-02-13 17:16:48.379007 (94024) main____ INFO    Exiting with status 0.
